Start testing: Mar 01 12:00 EST
----------------------------------------------------------
1/3 Testing: DataTable.DefaultConstructor_StoresEmptyPaths
1/3 Test: DataTable.DefaultConstructor_StoresEmptyPaths
Command: "/Users/nathan/github/DataTable/build/tests/DataTableTests" "--gtest_filter=DataTable.DefaultConstructor_StoresEmptyPaths" "--gtest_also_run_disabled_tests"
Directory: /Users/nathan/github/DataTable/build/tests
"DataTable.DefaultConstructor_StoresEmptyPaths" start time: Mar 01 12:00 EST
Output:
----------------------------------------------------------
Running main() from /Users/nathan/github/DataTable/build/_deps/googletest-src/googletest/src/gtest_main.cc
Note: Google Test filter = DataTable.DefaultConstructor_StoresEmptyPaths
[==========] Running 1 test from 1 test suite.
[----------] Global test environment set-up.
[----------] 1 test from DataTable
[ RUN      ] DataTable.DefaultConstructor_StoresEmptyPaths
[       OK ] DataTable.DefaultConstructor_StoresEmptyPaths (0 ms)
[----------] 1 test from DataTable (0 ms total)

[----------] Global test environment tear-down
[==========] 1 test from 1 test suite ran. (0 ms total)
[  PASSED  ] 1 test.
<end of output>
Test time =   0.00 sec
----------------------------------------------------------
Test Passed.
"DataTable.DefaultConstructor_StoresEmptyPaths" end time: Mar 01 12:00 EST
"DataTable.DefaultConstructor_StoresEmptyPaths" time elapsed: 00:00:00
----------------------------------------------------------

2/3 Testing: DataTable.Constructor_SetsPaths
2/3 Test: DataTable.Constructor_SetsPaths
Command: "/Users/nathan/github/DataTable/build/tests/DataTableTests" "--gtest_filter=DataTable.Constructor_SetsPaths" "--gtest_also_run_disabled_tests"
Directory: /Users/nathan/github/DataTable/build/tests
"DataTable.Constructor_SetsPaths" start time: Mar 01 12:00 EST
Output:
----------------------------------------------------------
Running main() from /Users/nathan/github/DataTable/build/_deps/googletest-src/googletest/src/gtest_main.cc
Note: Google Test filter = DataTable.Constructor_SetsPaths
[==========] Running 1 test from 1 test suite.
[----------] Global test environment set-up.
[----------] 1 test from DataTable
[ RUN      ] DataTable.Constructor_SetsPaths
[       OK ] DataTable.Constructor_SetsPaths (0 ms)
[----------] 1 test from DataTable (0 ms total)

[----------] Global test environment tear-down
[==========] 1 test from 1 test suite ran. (0 ms total)
[  PASSED  ] 1 test.
<end of output>
Test time =   0.00 sec
----------------------------------------------------------
Test Passed.
"DataTable.Constructor_SetsPaths" end time: Mar 01 12:00 EST
"DataTable.Constructor_SetsPaths" time elapsed: 00:00:00
----------------------------------------------------------

3/3 Testing: DataTable.Setters_UpdatePaths
3/3 Test: DataTable.Setters_UpdatePaths
Command: "/Users/nathan/github/DataTable/build/tests/DataTableTests" "--gtest_filter=DataTable.Setters_UpdatePaths" "--gtest_also_run_disabled_tests"
Directory: /Users/nathan/github/DataTable/build/tests
"DataTable.Setters_UpdatePaths" start time: Mar 01 12:00 EST
Output:
----------------------------------------------------------
Running main() from /Users/nathan/github/DataTable/build/_deps/googletest-src/googletest/src/gtest_main.cc
Note: Google Test filter = DataTable.Setters_UpdatePaths
[==========] Running 1 test from 1 test suite.
[----------] Global test environment set-up.
[----------] 1 test from DataTable
[ RUN      ] DataTable.Setters_UpdatePaths
[       OK ] DataTable.Setters_UpdatePaths (0 ms)
[----------] 1 test from DataTable (0 ms total)

[----------] Global test environment tear-down
[==========] 1 test from 1 test suite ran. (0 ms total)
[  PASSED  ] 1 test.
<end of output>
Test time =   0.00 sec
----------------------------------------------------------
Test Passed.
"DataTable.Setters_UpdatePaths" end time: Mar 01 12:00 EST
"DataTable.Setters_UpdatePaths" time elapsed: 00:00:00
----------------------------------------------------------

End testing: Mar 01 12:00 EST
